#
# There is insufficient memory for the Java Runtime Environment to continue.
# Native memory allocation (mmap) failed to map 65536 bytes for Failed to commit metaspace.
# Possible reasons:
#   The system is out of physical RAM or swap space
#   The process is running with CompressedOops enabled, and the Java Heap may be blocking the growth of the native heap
# Possible solutions:
#   Reduce memory load on the system
#   Increase physical memory or swap space
#   Check if swap backing store is full
#   Decrease Java heap size (-Xmx/-Xms)
#   Decrease number of Java threads
#   Decrease Java thread stack sizes (-Xss)
#   Set larger code cache with -XX:ReservedCodeCacheSize=
#   JVM is running with Unscaled Compressed Oops mode in which the Java heap is
#     placed in the first 4GB address space. The Java Heap base address is the
#     maximum limit for the native heap growth. Please use -XX:HeapBaseMinAddress
#     to set the Java Heap base and to place the Java Heap above 4GB virtual address.
# This output file may be truncated or incomplete.
#
#  Out of Memory Error (virtualSpaceNode.cpp:110), pid=12076, tid=12640
#
# JRE version: OpenJDK Runtime Environment Temurin-17.0.3+7 (17.0.3+7) (build 17.0.3+7)
# Java VM: OpenJDK 64-Bit Server VM Temurin-17.0.3+7 (17.0.3+7, mixed mode, tiered, compressed oops, compressed class ptrs, g1 gc, windows-amd64)
# No core dump will be written. Minidumps are not enabled by default on client versions of Windows
#

---------------  S U M M A R Y ------------

Command Line: -Dfile.encoding=UTF-8 -XX:+ShowCodeDetailsInExceptionMessages cursoLinkedin.Modal_js

Host: Intel(R) Core(TM) i5-7200U CPU @ 2.50GHz, 4 cores, 7G,  Windows 10 , 64 bit Build 19041 (10.0.19041.2251)
Time: Tue Nov 29 17:53:48 2022 Hora oficial do Brasil elapsed time: 1.790811 seconds (0d 0h 0m 1s)

---------------  T H R E A D  ---------------

Current thread (0x0000016dd951d560):  JavaThread "main" [_thread_in_vm, id=12640, stack(0x00000005f2700000,0x00000005f2800000)]

Stack: [0x00000005f2700000,0x00000005f2800000]
Native frames: (J=compiled Java code, j=interpreted, Vv=VM code, C=native code)
V  [jvm.dll+0x675efa]
V  [jvm.dll+0x830a24]
V  [jvm.dll+0x8321ce]
V  [jvm.dll+0x832833]
V  [jvm.dll+0x2454b5]
V  [jvm.dll+0x82c9cb]
V  [jvm.dll+0x61ab26]
V  [jvm.dll+0x61ab8a]
V  [jvm.dll+0x61d3aa]
V  [jvm.dll+0x61b4c6]
V  [jvm.dll+0x36b4e2]
V  [jvm.dll+0x1e1e3b]
V  [jvm.dll+0x53bba9]
V  [jvm.dll+0x1f0da7]
V  [jvm.dll+0x7aae5b]
V  [jvm.dll+0x7ac202]
V  [jvm.dll+0x7ac538]
V  [jvm.dll+0x23d79e]
V  [jvm.dll+0x23d9ef]
V  [jvm.dll+0x559143]
V  [jvm.dll+0x55b5c4]
V  [jvm.dll+0x38296e]
V  [jvm.dll+0x382412]
C  0x0000016dde3e8a7e

Java frames: (J=compiled Java code, j=interpreted, Vv=VM code)
j  sun.security.ssl.CipherSuite.<clinit>()V+111 java.base@17.0.3
v  ~StubRoutines::call_stub
j  sun.security.ssl.SSLContextImpl.getApplicableSupportedCipherSuites(Ljava/util/List;)Ljava/util/List;+0 java.base@17.0.3
j  sun.security.ssl.SSLContextImpl$AbstractTLSContext.<clinit>()V+84 java.base@17.0.3
v  ~StubRoutines::call_stub
j  java.lang.Class.forName0(Ljava/lang/String;ZLjava/lang/ClassLoader;Ljava/lang/Class;)Ljava/lang/Class;+0 java.base@17.0.3
j  java.lang.Class.forName(Ljava/lang/String;)Ljava/lang/Class;+11 java.base@17.0.3
j  java.security.Provider$Service.getImplClass()Ljava/lang/Class;+64 java.base@17.0.3
j  java.security.Provider$Service.getDefaultConstructor()Ljava/lang/reflect/Constructor;+46 java.base@17.0.3
j  java.security.Provider$Service.newInstanceOf()Ljava/lang/Object;+1 java.base@17.0.3
j  java.security.Provider$Service.newInstanceUtil(Ljava/lang/Class;Ljava/lang/Object;)Ljava/lang/Object;+5 java.base@17.0.3
j  java.security.Provider$Service.newInstance(Ljava/lang/Object;)Ljava/lang/Object;+227 java.base@17.0.3
j  sun.security.jca.GetInstance.getInstance(Ljava/security/Provider$Service;Ljava/lang/Class;)Lsun/security/jca/GetInstance$Instance;+2 java.base@17.0.3
j  sun.security.jca.GetInstance.getInstance(Ljava/lang/String;Ljava/lang/Class;Ljava/lang/String;)Lsun/security/jca/GetInstance$Instance;+56 java.base@17.0.3
j  javax.net.ssl.SSLContext.getInstance(Ljava/lang/String;)Ljavax/net/ssl/SSLContext;+12 java.base@17.0.3
j  io.netty.handler.ssl.JdkSslContext$Defaults.init()V+2
j  io.netty.handler.ssl.JdkSslContext.<clinit>()V+18
v  ~StubRoutines::call_stub
j  io.netty.handler.ssl.SslContext.newClientContextInternal(Lio/netty/handler/ssl/SslProvider;Ljava/security/Provider;[Ljava/security/cert/X509Certificate;Ljavax/net/ssl/TrustManagerFactory;[Ljava/security/cert/X509Certificate;Ljava/security/PrivateKey;Ljava/lang/String;Ljavax/net/ssl/KeyManagerFactory;Ljava/lang/Iterable;Lio/netty/handler/ssl/CipherSuiteFilter;Lio/netty/handler/ssl/ApplicationProtocolConfig;[Ljava/lang/String;JJZLjava/lang/String;[Ljava/util/Map$Entry;)Lio/netty/handler/ssl/SslContext;+76
j  io.netty.handler.ssl.SslContextBuilder.build()Lio/netty/handler/ssl/SslContext;+183
j  org.asynchttpclient.netty.ssl.DefaultSslEngineFactory.buildSslContext(Lorg/asynchttpclient/AsyncHttpClientConfig;)Lio/netty/handler/ssl/SslContext;+153
j  org.asynchttpclient.netty.ssl.DefaultSslEngineFactory.init(Lorg/asynchttpclient/AsyncHttpClientConfig;)V+3
j  org.asynchttpclient.netty.channel.ChannelManager.<init>(Lorg/asynchttpclient/AsyncHttpClientConfig;Lio/netty/util/Timer;)V+43
j  org.asynchttpclient.DefaultAsyncHttpClient.<init>(Lorg/asynchttpclient/AsyncHttpClientConfig;)V+89
j  org.asynchttpclient.Dsl.asyncHttpClient(Lorg/asynchttpclient/DefaultAsyncHttpClientConfig$Builder;)Lorg/asynchttpclient/AsyncHttpClient;+8
j  org.openqa.selenium.remote.http.netty.NettyClient.createHttpClient(Lorg/openqa/selenium/remote/http/ClientConfig;)Lorg/asynchttpclient/AsyncHttpClient;+101
j  org.openqa.selenium.remote.http.netty.NettyClient.<clinit>()V+3
v  ~StubRoutines::call_stub
j  org.openqa.selenium.remote.http.netty.NettyClient$Factory.createClient(Lorg/openqa/selenium/remote/http/ClientConfig;)Lorg/openqa/selenium/remote/http/HttpClient;+38
j  org.openqa.selenium.remote.HttpCommandExecutor.<init>(Ljava/util/Map;Lorg/openqa/selenium/remote/http/ClientConfig;Lorg/openqa/selenium/remote/http/HttpClient$Factory;)V+59
j  org.openqa.selenium.remote.HttpCommandExecutor.<init>(Ljava/util/Map;Ljava/net/URL;Lorg/openqa/selenium/remote/http/HttpClient$Factory;)V+18
j  org.openqa.selenium.remote.HttpCommandExecutor.<init>(Ljava/util/Map;Ljava/net/URL;)V+22
j  org.openqa.selenium.remote.service.DriverCommandExecutor.<init>(Lorg/openqa/selenium/remote/service/DriverService;Ljava/util/Map;)V+6
j  org.openqa.selenium.chromium.ChromiumDriverCommandExecutor.<init>(Lorg/openqa/selenium/remote/service/DriverService;Ljava/util/Map;)V+6
j  org.openqa.selenium.chrome.ChromeDriver$ChromeDriverCommandExecutor.<init>(Lorg/openqa/selenium/remote/service/DriverService;)V+5
j  org.openqa.selenium.chrome.ChromeDriver.<init>(Lorg/openqa/selenium/chrome/ChromeDriverService;Lorg/openqa/selenium/chrome/ChromeOptions;)V+6
j  org.openqa.selenium.chrome.ChromeDriver.<init>()V+11
j  cursoLinkedin.Modal_js.main([Ljava/lang/String;)V+12
v  ~StubRoutines::call_stub

---------------  P R O C E S S  ---------------

Threads class SMR info:
_java_thread_list=0x0000016df6540ee0, length=14, elements={
0x0000016dd951d560, 0x0000016df4b60410, 0x0000016df4b61240, 0x0000016df4ba4000,
0x0000016df4ba69d0, 0x0000016df4ba7790, 0x0000016df4ba8140, 0x0000016df4ba9640,
0x0000016df5553680, 0x0000016df55b06d0, 0x0000016df56a6c40, 0x0000016df56a6290,
0x0000016df5e3e2f0, 0x0000016df676b080
}

Java Threads: ( => current thread )
=>0x0000016dd951d560 JavaThread "main" [_thread_in_vm, id=12640, stack(0x00000005f2700000,0x00000005f2800000)]
  0x0000016df4b60410 JavaThread "Reference Handler" daemon [_thread_blocked, id=15056, stack(0x00000005f2e00000,0x00000005f2f00000)]
  0x0000016df4b61240 JavaThread "Finalizer" daemon [_thread_blocked, id=7432, stack(0x00000005f2f00000,0x00000005f3000000)]
  0x0000016df4ba4000 JavaThread "Signal Dispatcher" daemon [_thread_blocked, id=11492, stack(0x00000005f3000000,0x00000005f3100000)]
  0x0000016df4ba69d0 JavaThread "Attach Listener" daemon [_thread_blocked, id=13368, stack(0x00000005f3100000,0x00000005f3200000)]
  0x0000016df4ba7790 JavaThread "Service Thread" daemon [_thread_blocked, id=11900, stack(0x00000005f3200000,0x00000005f3300000)]
  0x0000016df4ba8140 JavaThread "Monitor Deflation Thread" daemon [_thread_blocked, id=14364, stack(0x00000005f3300000,0x00000005f3400000)]
  0x0000016df4ba9640 JavaThread "C2 CompilerThread0" daemon [_thread_blocked, id=15428, stack(0x00000005f3400000,0x00000005f3500000)]
  0x0000016df5553680 JavaThread "C1 CompilerThread0" daemon [_thread_blocked, id=13316, stack(0x00000005f3500000,0x00000005f3600000)]
  0x0000016df55b06d0 JavaThread "Sweeper thread" daemon [_thread_blocked, id=5072, stack(0x00000005f3600000,0x00000005f3700000)]
  0x0000016df56a6c40 JavaThread "Notification Thread" daemon [_thread_blocked, id=768, stack(0x00000005f3700000,0x00000005f3800000)]
  0x0000016df56a6290 JavaThread "Common-Cleaner" daemon [_thread_blocked, id=10340, stack(0x00000005f3900000,0x00000005f3a00000)]
  0x0000016df5e3e2f0 JavaThread "ForkJoinPool.commonPool-worker-1" daemon [_thread_blocked, id=16324, stack(0x00000005f3a00000,0x00000005f3b00000)]
  0x0000016df676b080 JavaThread "AsyncHttpClient-1-1" daemon [_thread_blocked, id=12312, stack(0x00000005f3f00000,0x00000005f4000000)]

Other Threads:
  0x0000016df4b7cd30 VMThread "VM Thread" [stack: 0x00000005f2d00000,0x00000005f2e00000] [id=15040]
  0x0000016dd9593910 WatcherThread [stack: 0x00000005f3800000,0x00000005f3900000] [id=13948]
  0x0000016dd9576f10 GCTaskThread "GC Thread#0" [stack: 0x00000005f2800000,0x00000005f2900000] [id=2316]
  0x0000016df6481700 GCTaskThread "GC Thread#1" [stack: 0x00000005f3b00000,0x00000005f3c00000] [id=10056]
  0x0000016df64f1e70 GCTaskThread "GC Thread#2" [stack: 0x00000005f3c00000,0x00000005f3d00000] [id=11448]
  0x0000016df64e0270 GCTaskThread "GC Thread#3" [stack: 0x00000005f3d00000,0x00000005f3e00000] [id=7940]
  0x0000016dd9588980 ConcurrentGCThread "G1 Main Marker" [stack: 0x00000005f2900000,0x00000005f2a00000] [id=2912]
  0x0000016dd9589230 ConcurrentGCThread "G1 Conc#0" [stack: 0x00000005f2a00000,0x00000005f2b00000] [id=12108]
  0x0000016dd95e1a90 ConcurrentGCThread "G1 Refine#0" [stack: 0x00000005f2b00000,0x00000005f2c00000] [id=7280]
  0x0000016df49d0490 ConcurrentGCThread "G1 Service" [stack: 0x00000005f2c00000,0x00000005f2d00000] [id=7452]

Threads with active compile tasks:

VM state: not at safepoint (normal execution)

VM Mutex/Monitor currently owned by a thread:  ([mutex/lock_event])
[0x0000016dd9516550] Metaspace_lock - owner thread: 0x0000016dd951d560

Heap address: 0x0000000081c00000, size: 2020 MB, Compressed Oops mode: 32-bit

CDS archive(s) not mapped
Compressed class space mapped at: 0x0000000100000000-0x0000000140000000, reserved size: 1073741824
Narrow klass base: 0x0000000000000000, Narrow klass shift: 3, Narrow klass range: 0x140000000

GC Precious Log:
 CPUs: 4 total, 4 available
 Memory: 8073M
 Large Page Support: Disabled
 NUMA Support: Disabled
 Compressed Oops: Enabled (32-bit)
 Heap Region Size: 1M
 Heap Min Capacity: 8M
 Heap Initial Capacity: 128M
 Heap Max Capacity: 2020M
 Pre-touch: Disabled
 Parallel Workers: 4
 Concurrent Workers: 1
 Concurrent Refinement Workers: 4
 Periodic GC: Disabled

Heap:
 garbage-first heap   total 131072K, used 11950K [0x0000000081c00000, 0x0000000100000000)
  region size 1024K, 10 young (10240K), 2 survivors (2048K)
 Metaspace       used 13910K, committed 14080K, reserved 1064960K
  class space    used 1413K, committed 1472K, reserved 1048576K

Heap Regions: E=young(eden), S=young(survivor), O=old, HS=humongous(starts), HC=humongous(continues), CS=collection set, F=free, OA=open archive, CA=closed archive, TAMS=top-at-mark-start (previous, next)
|   0|0x0000000081c00000, 0x0000000081d00000, 0x0000000081d00000|100%| O|  |TAMS 0x0000000081c00000, 0x0000000081c00000| Untracked 
|   1|0x0000000081d00000, 0x0000000081e00000, 0x0000000081e00000|100%| O|  |TAMS 0x0000000081d00000, 0x0000000081d00000| Untracked 
|   2|0x0000000081e00000, 0x0000000081eab800, 0x0000000081f00000| 66%| O|  |TAMS 0x0000000081e00000, 0x0000000081e00000| Untracked 
|   3|0x0000000081f00000, 0x0000000081f00000, 0x0000000082000000|  0%| F|  |TAMS 0x0000000081f00000, 0x0000000081f00000| Untracked 
|   4|0x0000000082000000, 0x0000000082000000, 0x0000000082100000|  0%| F|  |TAMS 0x0000000082000000, 0x0000000082000000| Untracked 
|   5|0x0000000082100000, 0x0000000082100000, 0x0000000082200000|  0%| F|  |TAMS 0x0000000082100000, 0x0000000082100000| Untracked 
|   6|0x0000000082200000, 0x0000000082200000, 0x0000000082300000|  0%| F|  |TAMS 0x0000000082200000, 0x0000000082200000| Untracked 
|   7|0x0000000082300000, 0x0000000082300000, 0x0000000082400000|  0%| F|  |TAMS 0x0000000082300000, 0x0000000082300000| Untracked 
|   8|0x0000000082400000, 0x0000000082400000, 0x0000000082500000|  0%| F|  |TAMS 0x0000000082400000, 0x0000000082400000| Untracked 
|   9|0x0000000082500000, 0x0000000082500000, 0x0000000082600000|  0%| F|  |TAMS 0x0000000082500000, 0x0000000082500000| Untracked 
|  10|0x0000000082600000, 0x0000000082600000, 0x0000000082700000|  0%| F|  |TAMS 0x0000000082600000, 0x0000000082600000| Untracked 
|  11|0x0000000082700000, 0x0000000082700000, 0x0000000082800000|  0%| F|  |TAMS 0x0000000082700000, 0x0000000082700000| Untracked 
|  12|0x0000000082800000, 0x0000000082800000, 0x0000000082900000|  0%| F|  |TAMS 0x0000000082800000, 0x0000000082800000| Untracked 
|  13|0x0000000082900000, 0x0000000082900000, 0x0000000082a00000|  0%| F|  |TAMS 0x0000000082900000, 0x0000000082900000| Untracked 
|  14|0x0000000082a00000, 0x0000000082a00000, 0x0000000082b00000|  0%| F|  |TAMS 0x0000000082a00000, 0x0000000082a00000| Untracked 
|  15|0x0000000082b00000, 0x0000000082b00000, 0x0000000082c00000|  0%| F|  |TAMS 0x0000000082b00000, 0x0000000082b00000| Untracked 
|  16|0x0000000082c00000, 0x0000000082c00000, 0x0000000082d00000|  0%| F|  |TAMS 0x0000000082c00000, 0x0000000082c00000| Untracked 
|  17|0x0000000082d00000, 0x0000000082d00000, 0x0000000082e00000|  0%| F|  |TAMS 0x0000000082d00000, 0x0000000082d00000| Untracked 
|  18|0x0000000082e00000, 0x0000000082e00000, 0x0000000082f00000|  0%| F|  |TAMS 0x0000000082e00000, 0x0000000082e00000| Untracked 
|  19|0x0000000082f00000, 0x0000000082f00000, 0x0000000083000000|  0%| F|  |TAMS 0x0000000082f00000, 0x0000000082f00000| Untracked 
|  20|0x0000000083000000, 0x0000000083000000, 0x0000000083100000|  0%| F|  |TAMS 0x0000000083000000, 0x0000000083000000| Untracked 
|  21|0x0000000083100000, 0x0000000083100000, 0x0000000083200000|  0%| F|  |TAMS 0x0000000083100000, 0x0000000083100000| Untracked 
|  22|0x0000000083200000, 0x0000000083200000, 0x0000000083300000|  0%| F|  |TAMS 0x0000000083200000, 0x0000000083200000| Untracked 
|  23|0x0000000083300000, 0x0000000083300000, 0x0000000083400000|  0%| F|  |TAMS 0x0000000083300000, 0x0000000083300000| Untracked 
|  24|0x0000000083400000, 0x0000000083400000, 0x0000000083500000|  0%| F|  |TAMS 0x0000000083400000, 0x0000000083400000| Untracked 
|  25|0x0000000083500000, 0x0000000083500000, 0x0000000083600000|  0%| F|  |TAMS 0x0000000083500000, 0x0000000083500000| Untracked 
|  26|0x0000000083600000, 0x0000000083600000, 0x0000000083700000|  0%| F|  |TAMS 0x0000000083600000, 0x0000000083600000| Untracked 
|  27|0x0000000083700000, 0x0000000083700000, 0x0000000083800000|  0%| F|  |TAMS 0x0000000083700000, 0x0000000083700000| Untracked 
|  28|0x0000000083800000, 0x0000000083800000, 0x0000000083900000|  0%| F|  |TAMS 0x0000000083800000, 0x0000000083800000| Untracked 
|  29|0x0000000083900000, 0x0000000083900000, 0x0000000083a00000|  0%| F|  |TAMS 0x0000000083900000, 0x0000000083900000| Untracked 
|  30|0x0000000083a00000, 0x0000000083a00000, 0x0000000083b00000|  0%| F|  |TAMS 0x0000000083a00000, 0x0000000083a00000| Untracked 
|  31|0x0000000083b00000, 0x0000000083b00000, 0x0000000083c00000|  0%| F|  |TAMS 0x0000000083b00000, 0x0000000083b00000| Untracked 
|  32|0x0000000083c00000, 0x0000000083c00000, 0x0000000083d00000|  0%| F|  |TAMS 0x0000000083c00000, 0x0000000083c00000| Untracked 
|  33|0x0000000083d00000, 0x0000000083d00000, 0x0000000083e00000|  0%| F|  |TAMS 0x0000000083d00000, 0x0000000083d00000| Untracked 
|  34|0x0000000083e00000, 0x0000000083e00000, 0x0000000083f00000|  0%| F|  |TAMS 0x0000000083e00000, 0x0000000083e00000| Untracked 
|  35|0x0000000083f00000, 0x0000000083f00000, 0x0000000084000000|  0%| F|  |TAMS 0x0000000083f00000, 0x0000000083f00000| Untracked 
|  36|0x0000000084000000, 0x0000000084000000, 0x0000000084100000|  0%| F|  |TAMS 0x0000000084000000, 0x0000000084000000| Untracked 
|  37|0x0000000084100000, 0x0000000084100000, 0x0000000084200000|  0%| F|  |TAMS 0x0000000084100000, 0x0000000084100000| Untracked 
|  38|0x0000000084200000, 0x0000000084200000, 0x0000000084300000|  0%| F|  |TAMS 0x0000000084200000, 0x0000000084200000| Untracked 
|  39|0x0000000084300000, 0x0000000084300000, 0x0000000084400000|  0%| F|  |TAMS 0x0000000084300000, 0x0000000084300000| Untracked 
|  40|0x0000000084400000, 0x0000000084400000, 0x0000000084500000|  0%| F|  |TAMS 0x0000000084400000, 0x0000000084400000| Untracked 
|  41|0x0000000084500000, 0x0000000084500000, 0x0000000084600000|  0%| F|  |TAMS 0x0000000084500000, 0x0000000084500000| Untracked 
|  42|0x0000000084600000, 0x0000000084600000, 0x0000000084700000|  0%| F|  |TAMS 0x0000000084600000, 0x0000000084600000| Untracked 
|  43|0x0000000084700000, 0x0000000084700000, 0x0000000084800000|  0%| F|  |TAMS 0x0000000084700000, 0x0000000084700000| Untracked 
|  44|0x0000000084800000, 0x0000000084800000, 0x0000000084900000|  0%| F|  |TAMS 0x0000000084800000, 0x0000000084800000| Untracked 
|  45|0x0000000084900000, 0x0000000084900000, 0x0000000084a00000|  0%| F|  |TAMS 0x0000000084900000, 0x0000000084900000| Untracked 
|  46|0x0000000084a00000, 0x0000000084a00000, 0x0000000084b00000|  0%| F|  |TAMS 0x0000000084a00000, 0x0000000084a00000| Untracked 
|  47|0x0000000084b00000, 0x0000000084b00000, 0x0000000084c00000|  0%| F|  |TAMS 0x0000000084b00000, 0x0000000084b00000| Untracked 
|  48|0x0000000084c00000, 0x0000000084c00000, 0x0000000084d00000|  0%| F|  |TAMS 0x0000000084c00000, 0x0000000084c00000| Untracked 
|  49|0x0000000084d00000, 0x0000000084d00000, 0x0000000084e00000|  0%| F|  |TAMS 0x0000000084d00000, 0x0000000084d00000| Untracked 
|  50|0x0000000084e00000, 0x0000000084e00000, 0x0000000084f00000|  0%| F|  |TAMS 0x0000000084e00000, 0x0000000084e00000| Untracked 
|  51|0x0000000084f00000, 0x0000000084f00000, 0x0000000085000000|  0%| F|  |TAMS 0x0000000084f00000, 0x0000000084f00000| Untracked 
|  52|0x0000000085000000, 0x0000000085000000, 0x0000000085100000|  0%| F|  |TAMS 0x0000000085000000, 0x0000000085000000| Untracked 
|  53|0x0000000085100000, 0x0000000085100000, 0x0000000085200000|  0%| F|  |TAMS 0x0000000085100000, 0x0000000085100000| Untracked 
|  54|0x0000000085200000, 0x0000000085200000, 0x0000000085300000|  0%| F|  |TAMS 0x0000000085200000, 0x0000000085200000| Untracked 
|  55|0x0000000085300000, 0x0000000085300000, 0x0000000085400000|  0%| F|  |TAMS 0x0000000085300000, 0x0000000085300000| Untracked 
|  56|0x0000000085400000, 0x0000000085400000, 0x0000000085500000|  0%| F|  |TAMS 0x0000000085400000, 0x0000000085400000| Untracked 
|  57|0x0000000085500000, 0x0000000085500000, 0x0000000085600000|  0%| F|  |TAMS 0x0000000085500000, 0x0000000085500000| Untracked 
|  58|0x0000000085600000, 0x0000000085600000, 0x0000000085700000|  0%| F|  |TAMS 0x0000000085600000, 0x0000000085600000| Untracked 
|  59|0x0000000085700000, 0x0000000085700000, 0x0000000085800000|  0%| F|  |TAMS 0x0000000085700000, 0x0000000085700000| Untracked 
|  60|0x0000000085800000, 0x0000000085800000, 0x0000000085900000|  0%| F|  |TAMS 0x0000000085800000, 0x0000000085800000| Untracked 
|  61|0x0000000085900000, 0x0000000085900000, 0x0000000085a00000|  0%| F|  |TAMS 0x0000000085900000, 0x0000000085900000| Untracked 
|  62|0x0000000085a00000, 0x0000000085a00000, 0x0000000085b00000|  0%| F|  |TAMS 0x0000000085a00000, 0x0000000085a00000| Untracked 
|  63|0x0000000085b00000, 0x0000000085b00000, 0x0000000085c00000|  0%| F|  |TAMS 0x0000000085b00000, 0x0000000085b00000| Untracked 
|  64|0x0000000085c00000, 0x0000000085c00000, 0x0000000085d00000|  0%| F|  |TAMS 0x0000000085c00000, 0x0000000085c00000| Untracked 
|  65|0x0000000085d00000, 0x0000000085d00000, 0x0000000085e00000|  0%| F|  |TAMS 0x0000000085d00000, 0x0000000085d00000| Untracked 
|  66|0x0000000085e00000, 0x0000000085e00000, 0x0000000085f00000|  0%| F|  |TAMS 0x0000000085e00000, 0x0000000085e00000| Untracked 
|  67|0x0000000085f00000, 0x0000000085f00000, 0x0000000086000000|  0%| F|  |TAMS 0x0000000085f00000, 0x0000000085f00000| Untracked 
|  68|0x0000000086000000, 0x0000000086000000, 0x0000000086100000|  0%| F|  |TAMS 0x0000000086000000, 0x0000000086000000| Untracked 
|  69|0x0000000086100000, 0x0000000086100000, 0x0000000086200000|  0%| F|  |TAMS 0x0000000086100000, 0x0000000086100000| Untracked 
|  70|0x0000000086200000, 0x0000000086200000, 0x0000000086300000|  0%| F|  |TAMS 0x0000000086200000, 0x0000000086200000| Untracked 
|  71|0x0000000086300000, 0x0000000086300000, 0x0000000086400000|  0%| F|  |TAMS 0x0000000086300000, 0x0000000086300000| Untracked 
|  72|0x0000000086400000, 0x0000000086400000, 0x0000000086500000|  0%| F|  |TAMS 0x0000000086400000, 0x0000000086400000| Untracked 
|  73|0x0000000086500000, 0x0000000086500000, 0x0000000086600000|  0%| F|  |TAMS 0x0000000086500000, 0x0000000086500000| Untracked 
|  74|0x0000000086600000, 0x0000000086600000, 0x0000000086700000|  0%| F|  |TAMS 0x0000000086600000, 0x0000000086600000| Untracked 
|  75|0x0000000086700000, 0x0000000086700000, 0x0000000086800000|  0%| F|  |TAMS 0x0000000086700000, 0x0000000086700000| Untracked 
|  76|0x0000000086800000, 0x0000000086800000, 0x0000000086900000|  0%| F|  |TAMS 0x0000000086800000, 0x0000000086800000| Untracked 
|  77|0x0000000086900000, 0x0000000086900000, 0x0000000086a00000|  0%| F|  |TAMS 0x0000000086900000, 0x0000000086900000| Untracked 
|  78|0x0000000086a00000, 0x0000000086a00000, 0x0000000086b00000|  0%| F|  |TAMS 0x0000000086a00000, 0x0000000086a00000| Untracked 
|  79|0x0000000086b00000, 0x0000000086b00000, 0x0000000086c00000|  0%| F|  |TAMS 0x0000000086b00000, 0x0000000086b00000| Untracked 
|  80|0x0000000086c00000, 0x0000000086c00000, 0x0000000086d00000|  0%| F|  |TAMS 0x0000000086c00000, 0x0000000086c00000| Untracked 
|  81|0x0000000086d00000, 0x0000000086d00000, 0x0000000086e00000|  0%| F|  |TAMS 0x0000000086d00000, 0x0000000086d00000| Untracked 
|  82|0x0000000086e00000, 0x0000000086e00000, 0x0000000086f00000|  0%| F|  |TAMS 0x0000000086e00000, 0x0000000086e00000| Untracked 
|  83|0x0000000086f00000, 0x0000000086f00000, 0x0000000087000000|  0%| F|  |TAMS 0x0000000086f00000, 0x0000000086f00000| Untracked 
|  84|0x0000000087000000, 0x0000000087000000, 0x0000000087100000|  0%| F|  |TAMS 0x0000000087000000, 0x0000000087000000| Untracked 
|  85|0x0000000087100000, 0x0000000087100000, 0x0000000087200000|  0%| F|  |TAMS 0x0000000087100000, 0x0000000087100000| Untracked 
|  86|0x0000000087200000, 0x0000000087200000, 0x0000000087300000|  0%| F|  |TAMS 0x0000000087200000, 0x0000000087200000| Untracked 
|  87|0x0000000087300000, 0x0000000087300000, 0x0000000087400000|  0%| F|  |TAMS 0x0000000087300000, 0x0000000087300000| Untracked 
|  88|0x0000000087400000, 0x0000000087400000, 0x0000000087500000|  0%| F|  |TAMS 0x0000000087400000, 0x0000000087400000| Untracked 
|  89|0x0000000087500000, 0x0000000087500000, 0x0000000087600000|  0%| F|  |TAMS 0x0000000087500000, 0x0000000087500000| Untracked 
|  90|0x0000000087600000, 0x0000000087600000, 0x0000000087700000|  0%| F|  |TAMS 0x0000000087600000, 0x0000000087600000| Untracked 
|  91|0x0000000087700000, 0x0000000087700000, 0x0000000087800000|  0%| F|  |TAMS 0x0000000087700000, 0x0000000087700000| Untracked 
|  92|0x0000000087800000, 0x0000000087800000, 0x0000000087900000|  0%| F|  |TAMS 0x0000000087800000, 0x0000000087800000| Untracked 
|  93|0x0000000087900000, 0x0000000087900000, 0x0000000087a00000|  0%| F|  |TAMS 0x0000000087900000, 0x0000000087900000| Untracked 
|  94|0x0000000087a00000, 0x0000000087a00000, 0x0000000087b00000|  0%| F|  |TAMS 0x0000000087a00000, 0x0000000087a00000| Untracked 
|  95|0x0000000087b00000, 0x0000000087b00000, 0x0000000087c00000|  0%| F|  |TAMS 0x0000000087b00000, 0x0000000087b00000| Untracked 
|  96|0x0000000087c00000, 0x0000000087c00000, 0x0000000087d00000|  0%| F|  |TAMS 0x0000000087c00000, 0x0000000087c00000| Untracked 
|  97|0x0000000087d00000, 0x0000000087d00000, 0x0000000087e00000|  0%| F|  |TAMS 0x0000000087d00000, 0x0000000087d00000| Untracked 
|  98|0x0000000087e00000, 0x0000000087e00000, 0x0000000087f00000|  0%| F|  |TAMS 0x0000000087e00000, 0x0000000087e00000| Untracked 
|  99|0x0000000087f00000, 0x0000000087f00000, 0x0000000088000000|  0%| F|  |TAMS 0x0000000087f00000, 0x0000000087f00000| Untracked 
| 100|0x0000000088000000, 0x0000000088000000, 0x0000000088100000|  0%| F|  |TAMS 0x0000000088000000, 0x0000000088000000| Untracked 
| 101|0x0000000088100000, 0x0000000088100000, 0x0000000088200000|  0%| F|  |TAMS 0x0000000088100000, 0x0000000088100000| Untracked 
| 102|0x0000000088200000, 0x0000000088200000, 0x0000000088300000|  0%| F|  |TAMS 0x0000000088200000, 0x0000000088200000| Untracked 
| 103|0x0000000088300000, 0x0000000088300000, 0x0000000088400000|  0%| F|  |TAMS 0x0000000088300000, 0x0000000088300000| Untracked 
| 104|0x0000000088400000, 0x0000000088400000, 0x0000000088500000|  0%| F|  |TAMS 0x0000000088400000, 0x0000000088400000| Untracked 
| 105|0x0000000088500000, 0x0000000088500000, 0x0000000088600000|  0%| F|  |TAMS 0x0000000088500000, 0x0000000088500000| Untracked 
| 106|0x0000000088600000, 0x0000000088600000, 0x0000000088700000|  0%| F|  |TAMS 0x0000000088600000, 0x0000000088600000| Untracked 
| 107|0x0000000088700000, 0x0000000088700000, 0x0000000088800000|  0%| F|  |TAMS 0x0000000088700000, 0x0000000088700000| Untracked 
| 108|0x0000000088800000, 0x0000000088800000, 0x0000000088900000|  0%| F|  |TAMS 0x0000000088800000, 0x0000000088800000| Untracked 
| 109|0x0000000088900000, 0x0000000088900000, 0x0000000088a00000|  0%| F|  |TAMS 0x0000000088900000, 0x0000000088900000| Untracked 
| 110|0x0000000088a00000, 0x0000000088a00000, 0x0000000088b00000|  0%| F|  |TAMS 0x0000000088a00000, 0x0000000088a00000| Untracked 
| 111|0x0000000088b00000, 0x0000000088b00000, 0x0000000088c00000|  0%| F|  |TAMS 0x0000000088b00000, 0x0000000088b00000| Untracked 
| 112|0x0000000088c00000, 0x0000000088c00000, 0x0000000088d00000|  0%| F|  |TAMS 0x0000000088c00000, 0x0000000088c00000| Untracked 
| 113|0x0000000088d00000, 0x0000000088e00000, 0x0000000088e00000|100%| S|CS|TAMS 0x0000000088d00000, 0x0000000088d00000| Complete 
| 114|0x0000000088e00000, 0x0000000088f00000, 0x0000000088f00000|100%| S|CS|TAMS 0x0000000088e00000, 0x0000000088e00000| Complete 
| 115|0x0000000088f00000, 0x0000000088f00000, 0x0000000089000000|  0%| F|  |TAMS 0x0000000088f00000, 0x0000000088f00000| Untracked 
| 116|0x0000000089000000, 0x0000000089000000, 0x0000000089100000|  0%| F|  |TAMS 0x0000000089000000, 0x0000000089000000| Untracked 
| 117|0x0000000089100000, 0x0000000089100000, 0x0000000089200000|  0%| F|  |TAMS 0x0000000089100000, 0x0000000089100000| Untracked 
| 118|0x0000000089200000, 0x0000000089200000, 0x0000000089300000|  0%| F|  |TAMS 0x0000000089200000, 0x0000000089200000| Untracked 
| 119|0x0000000089300000, 0x0000000089300000, 0x0000000089400000|  0%| F|  |TAMS 0x0000000089300000, 0x0000000089300000| Untracked 
| 120|0x0000000089400000, 0x00000000894ec480, 0x0000000089500000| 92%| E|  |TAMS 0x0000000089400000, 0x0000000089400000| Complete 
| 121|0x0000000089500000, 0x0000000089600000, 0x0000000089600000|100%| E|CS|TAMS 0x0000000089500000, 0x0000000089500000| Complete 
| 122|0x0000000089600000, 0x0000000089700000, 0x0000000089700000|100%| E|CS|TAMS 0x0000000089600000, 0x0000000089600000| Complete 
| 123|0x0000000089700000, 0x0000000089800000, 0x0000000089800000|100%| E|CS|TAMS 0x0000000089700000, 0x0000000089700000| Complete 
| 124|0x0000000089800000, 0x0000000089900000, 0x0000000089900000|100%| E|CS|TAMS 0x0000000089800000, 0x0000000089800000| Complete 
| 125|0x0000000089900000, 0x0000000089a00000, 0x0000000089a00000|100%| E|CS|TAMS 0x0000000089900000, 0x0000000089900000| Complete 
| 126|0x0000000089a00000, 0x0000000089b00000, 0x0000000089b00000|100%| E|CS|TAMS 0x0000000089a00000, 0x0000000089a00000| Complete 
| 127|0x0000000089b00000, 0x0000000089c00000, 0x0000000089c00000|100%| E|CS|TAMS 0x0000000089b00000, 0x0000000089b00000| Complete 

Card table byte_map: [0x0000016dede00000,0x0000016dee200000] _byte_map_base: 0x0000016ded9f2000

Marking Bits (Prev, Next): (CMBitMap*) 0x0000016dd95783d0, (CMBitMap*) 0x0000016dd9578410
 Prev Bits: [0x0000016dee600000, 0x0000016df0590000)
 Next Bits: [0x0000016df0590000, 0x0000016df2520000)

Polling page: 0x0000016dd95f0000

Metaspace:

Usage:
  Non-class:     12.20 MB used.
      Class:      1.38 MB used.
       Both:     13.58 MB used.

Virtual space:
  Non-class space:       16.00 MB reserved,      12.31 MB ( 77%) committed,  2 nodes.
      Class space:        1.00 GB reserved,       1.44 MB ( <1%) committed,  1 nodes.
             Both:        1.02 GB reserved,      13.75 MB (  1%) committed. 

Chunk freelists:
   Non-Class:  3.00 MB
       Class:  2.54 MB
        Both:  5.54 MB

MaxMetaspaceSize: unlimited
CompressedClassSpaceSize: 1.00 GB
Initial GC threshold: 21.00 MB
Current GC threshold: 21.00 MB
CDS: off
MetaspaceReclaimPolicy: balanced
 - commit_granule_bytes: 65536.
 - commit_granule_words: 8192.
 - virtual_space_node_default_size: 1048576.
 - enlarge_chunks_in_place: 1.
 - new_chunks_are_fully_committed: 0.
 - uncommit_free_chunks: 1.
 - use_allocation_guard: 0.
 - handle_deallocations: 1.


Internal statistics:

num_allocs_failed_limit: 0.
num_arena_births: 26.
num_arena_deaths: 0.
num_vsnodes_births: 3.
num_vsnodes_deaths: 0.
num_space_committed: 220.
num_space_uncommitted: 0.
num_chunks_returned_to_freelist: 0.
num_chunks_taken_from_freelist: 157.
num_chunk_merges: 0.
num_chunk_splits: 95.
num_chunks_enlarged: 84.
num_purges: 0.
num_inconsistent_stats: 0.

CodeHeap 'non-profiled nmethods': size=120000Kb used=335Kb max_used=335Kb free=119664Kb
 bounds [0x0000016de5ea0000, 0x0000016de6110000, 0x0000016ded3d0000]
CodeHeap 'profiled nmethods': size=120000Kb used=1629Kb max_used=1629Kb free=118370Kb
 bounds [0x0000016dde970000, 0x0000016ddebe0000, 0x0000016de5ea0000]
CodeHeap 'non-nmethods': size=5760Kb used=1179Kb max_used=1199Kb free=4580Kb
 bounds [0x0000016dde3d0000, 0x0000016dde640000, 0x0000016dde970000]
 total_blobs=1360 nmethods=889 adapters=384
 compilation: enabled
              stopped_count=0, restarted_count=0
 full_count=0

Compilation events (20 events):
Event: 1.773 Thread 0x0000016df4ba9640  865       4       java.lang.invoke.MethodType::parameterCount (6 bytes)
Event: 1.774 Thread 0x0000016df4ba9640 nmethod 865 0x0000016de5ef3210 code [0x0000016de5ef3380, 0x0000016de5ef3418]
Event: 1.774 Thread 0x0000016df4ba9640  867       4       java.lang.invoke.MethodType::parameterType (7 bytes)
Event: 1.774 Thread 0x0000016df4ba9640 nmethod 867 0x0000016de5ef3510 code [0x0000016de5ef3680, 0x0000016de5ef3738]
Event: 1.774 Thread 0x0000016df4ba9640  869       4       jdk.internal.org.objectweb.asm.ClassReader::readUnsignedShort (26 bytes)
Event: 1.774 Thread 0x0000016df5553680  882       3       com.sun.crypto.provider.AESCrypt::mul4 (181 bytes)
Event: 1.775 Thread 0x0000016df5553680 nmethod 882 0x0000016ddeb03f10 code [0x0000016ddeb04160, 0x0000016ddeb04cf8]
Event: 1.775 Thread 0x0000016df4ba9640 nmethod 869 0x0000016de5ef3810 code [0x0000016de5ef3980, 0x0000016de5ef3a58]
Event: 1.779 Thread 0x0000016df5553680  883       3       java.util.concurrent.ConcurrentHashMap::sumCount (60 bytes)
Event: 1.779 Thread 0x0000016df5553680 nmethod 883 0x0000016ddeb05290 code [0x0000016ddeb05440, 0x0000016ddeb05698]
Event: 1.783 Thread 0x0000016df5553680  884       3       java.util.concurrent.ConcurrentHashMap::isEmpty (15 bytes)
Event: 1.784 Thread 0x0000016df5553680 nmethod 884 0x0000016ddeb05790 code [0x0000016ddeb05940, 0x0000016ddeb05ae8]
Event: 1.785 Thread 0x0000016df5553680  885       3       java.lang.invoke.MethodHandles$Lookup::hasFullPrivilegeAccess (18 bytes)
Event: 1.785 Thread 0x0000016df5553680 nmethod 885 0x0000016ddeb05b90 code [0x0000016ddeb05d20, 0x0000016ddeb05e98]
Event: 1.785 Thread 0x0000016df5553680  886       3       jdk.internal.org.objectweb.asm.Attribute::computeAttributesSize (62 bytes)
Event: 1.786 Thread 0x0000016df5553680 nmethod 886 0x0000016ddeb05f10 code [0x0000016ddeb060e0, 0x0000016ddeb06408]
Event: 1.786 Thread 0x0000016df5553680  887       3       jdk.internal.org.objectweb.asm.AnnotationWriter::computeAnnotationsSize (66 bytes)
Event: 1.786 Thread 0x0000016df5553680 nmethod 887 0x0000016ddeb06590 code [0x0000016ddeb06760, 0x0000016ddeb06a98]
Event: 1.786 Thread 0x0000016df5553680  888       3       jdk.internal.org.objectweb.asm.Attribute::putAttributes (78 bytes)
Event: 1.786 Thread 0x0000016df5553680 nmethod 888 0x0000016ddeb06c90 code [0x0000016ddeb06ee0, 0x0000016ddeb07418]

GC Heap History (2 events):
Event: 0.931 GC heap before
{Heap before GC invocations=0 (full 0):
 garbage-first heap   total 131072K, used 12288K [0x0000000081c00000, 0x0000000100000000)
  region size 1024K, 13 young (13312K), 0 survivors (0K)
 Metaspace       used 10447K, committed 10624K, reserved 1064960K
  class space    used 994K, committed 1088K, reserved 1048576K
}
Event: 0.936 GC heap after
{Heap after GC invocations=1 (full 0):
 garbage-first heap   total 131072K, used 4782K [0x0000000081c00000, 0x0000000100000000)
  region size 1024K, 2 young (2048K), 2 survivors (2048K)
 Metaspace       used 10447K, committed 10624K, reserved 1064960K
  class space    used 994K, committed 1088K, reserved 1048576K
}

Deoptimization events (20 events):
Event: 1.681 Thread 0x0000016dd951d560 Uncommon trap: trap_request=0xffffffc6 fr.pc=0x0000016de5ee98cc relative=0x00000000000002ec
Event: 1.681 Thread 0x0000016dd951d560 Uncommon trap: reason=bimorphic_or_optimized_type_check action=maybe_recompile pc=0x0000016de5ee98cc method=java.util.HashMap.getNode(Ljava/lang/Object;)Ljava/util/HashMap$Node; @ 128 c2
Event: 1.681 Thread 0x0000016dd951d560 DEOPT PACKING pc=0x0000016de5ee98cc sp=0x00000005f27fbc30
Event: 1.681 Thread 0x0000016dd951d560 DEOPT UNPACKING pc=0x0000016dde4223a3 sp=0x00000005f27fbb38 mode 2
Event: 1.681 Thread 0x0000016dd951d560 Uncommon trap: trap_request=0xffffffc6 fr.pc=0x0000016de5ee98cc relative=0x00000000000002ec
Event: 1.681 Thread 0x0000016dd951d560 Uncommon trap: reason=bimorphic_or_optimized_type_check action=maybe_recompile pc=0x0000016de5ee98cc method=java.util.HashMap.getNode(Ljava/lang/Object;)Ljava/util/HashMap$Node; @ 128 c2
Event: 1.681 Thread 0x0000016dd951d560 DEOPT PACKING pc=0x0000016de5ee98cc sp=0x00000005f27fbc30
Event: 1.681 Thread 0x0000016dd951d560 DEOPT UNPACKING pc=0x0000016dde4223a3 sp=0x00000005f27fbb38 mode 2
Event: 1.681 Thread 0x0000016dd951d560 Uncommon trap: trap_request=0xffffffc6 fr.pc=0x0000016de5ee98cc relative=0x00000000000002ec
Event: 1.681 Thread 0x0000016dd951d560 Uncommon trap: reason=bimorphic_or_optimized_type_check action=maybe_recompile pc=0x0000016de5ee98cc method=java.util.HashMap.getNode(Ljava/lang/Object;)Ljava/util/HashMap$Node; @ 128 c2
Event: 1.681 Thread 0x0000016dd951d560 DEOPT PACKING pc=0x0000016de5ee98cc sp=0x00000005f27fbc30
Event: 1.681 Thread 0x0000016dd951d560 DEOPT UNPACKING pc=0x0000016dde4223a3 sp=0x00000005f27fbb38 mode 2
Event: 1.684 Thread 0x0000016dd951d560 Uncommon trap: trap_request=0xffffffc6 fr.pc=0x0000016de5ee98cc relative=0x00000000000002ec
Event: 1.684 Thread 0x0000016dd951d560 Uncommon trap: reason=bimorphic_or_optimized_type_check action=maybe_recompile pc=0x0000016de5ee98cc method=java.util.HashMap.getNode(Ljava/lang/Object;)Ljava/util/HashMap$Node; @ 128 c2
Event: 1.684 Thread 0x0000016dd951d560 DEOPT PACKING pc=0x0000016de5ee98cc sp=0x00000005f27fbc30
Event: 1.684 Thread 0x0000016dd951d560 DEOPT UNPACKING pc=0x0000016dde4223a3 sp=0x00000005f27fbb38 mode 2
Event: 1.684 Thread 0x0000016dd951d560 Uncommon trap: trap_request=0xffffffc6 fr.pc=0x0000016de5ee7ac0 relative=0x00000000000002e0
Event: 1.684 Thread 0x0000016dd951d560 Uncommon trap: reason=bimorphic_or_optimized_type_check action=maybe_recompile pc=0x0000016de5ee7ac0 method=java.util.HashMap.getNode(Ljava/lang/Object;)Ljava/util/HashMap$Node; @ 128 c2
Event: 1.684 Thread 0x0000016dd951d560 DEOPT PACKING pc=0x0000016de5ee7ac0 sp=0x00000005f27fbbc0
Event: 1.684 Thread 0x0000016dd951d560 DEOPT UNPACKING pc=0x0000016dde4223a3 sp=0x00000005f27fbb38 mode 2

Classes unloaded (0 events):
No events

Classes redefined (0 events):
No events

Internal exceptions (14 events):
Event: 0.579 Thread 0x0000016dd951d560 Exception <a 'java/lang/NoSuchMethodError'{0x00000000894adf60}: 'int java.lang.invoke.DirectMethodHandle$Holder.invokeStaticInit(java.lang.Object, java.lang.Object)'> (0x00000000894adf60) 
thrown [e:\jenkins\tmp\workspace\build\src\src\hotspot\share\interpreter\linkResolver.cpp, line 766]
Event: 0.633 Thread 0x0000016dd951d560 Exception <a 'java/lang/NoSuchMethodError'{0x000000008931ca50}: 'java.lang.Object java.lang.invoke.DirectMethodHandle$Holder.invokeStaticInit(java.lang.Object)'> (0x000000008931ca50) 
thrown [e:\jenkins\tmp\workspace\build\src\src\hotspot\share\interpreter\linkResolver.cpp, line 766]
Event: 0.651 Thread 0x0000016dd951d560 Exception <a 'java/lang/NoSuchMethodError'{0x000000008932cea0}: 'void java.lang.invoke.DirectMethodHandle$Holder.invokeStatic(java.lang.Object, java.lang.Object)'> (0x000000008932cea0) 
thrown [e:\jenkins\tmp\workspace\build\src\src\hotspot\share\interpreter\linkResolver.cpp, line 766]
Event: 0.664 Thread 0x0000016dd951d560 Exception <a 'java/net/SocketException'{0x0000000089337bb0}: Socket is not connected: shutdown> (0x0000000089337bb0) 
thrown [e:\jenkins\tmp\workspace\build\src\src\hotspot\share\prims\jni.cpp, line 535]
Event: 0.902 Thread 0x0000016dd951d560 Exception <a 'java/lang/NoSuchMethodError'{0x0000000088f74ea8}: 'void java.lang.invoke.DirectMethodHandle$Holder.invokeStaticInit(java.lang.Object, java.lang.Object)'> (0x0000000088f74ea8) 
thrown [e:\jenkins\tmp\workspace\build\src\src\hotspot\share\interpreter\linkResolver.cpp, line 766]
Event: 0.993 Thread 0x0000016dd951d560 Exception <a 'java/lang/NoClassDefFoundError'{0x0000000089a17958}: org/slf4j/impl/StaticLoggerBinder> (0x0000000089a17958) 
thrown [e:\jenkins\tmp\workspace\build\src\src\hotspot\share\classfile\systemDictionary.cpp, line 245]
Event: 1.033 Thread 0x0000016dd951d560 Exception <a 'java/lang/NoClassDefFoundError'{0x0000000089a8fbe0}> (0x0000000089a8fbe0) 
thrown [e:\jenkins\tmp\workspace\build\src\src\hotspot\share\oops\instanceKlass.cpp, line 1166]
Event: 1.042 Thread 0x0000016dd951d560 Exception <a 'java/lang/NoClassDefFoundError'{0x0000000089a9d760}: org/apache/logging/log4j/spi/ExtendedLoggerWrapper> (0x0000000089a9d760) 
thrown [e:\jenkins\tmp\workspace\build\src\src\hotspot\share\classfile\systemDictionary.cpp, line 245]
Event: 1.044 Thread 0x0000016dd951d560 Exception <a 'java/lang/NoClassDefFoundError'{0x0000000089aab4a8}: org/apache/log4j/Priority> (0x0000000089aab4a8) 
thrown [e:\jenkins\tmp\workspace\build\src\src\hotspot\share\classfile\systemDictionary.cpp, line 245]
Event: 1.184 Thread 0x0000016dd951d560 Exception <a 'java/lang/NoSuchMethodError'{0x00000000898992e8}: 'int java.lang.invoke.DirectMethodHandle$Holder.invokeSpecial(java.lang.Object, java.lang.Object, java.lang.Object)'> (0x00000000898992e8) 
thrown [e:\jenkins\tmp\workspace\build\src\src\hotspot\share\interpreter\linkResolver.cpp, line 766]
Event: 1.730 Thread 0x0000016dd951d560 Exception <a 'sun/nio/fs/WindowsException'{0x000000008944e4e8}> (0x000000008944e4e8) 
thrown [e:\jenkins\tmp\workspace\build\src\src\hotspot\share\prims\jni.cpp, line 516]
Event: 1.751 Thread 0x0000016dd951d560 Exception <a 'java/lang/NoSuchMethodError'{0x000000008946f438}: 'int java.lang.invoke.DirectMethodHandle$Holder.invokeStaticInit(java.lang.Object, java.lang.Object, java.lang.Object, java.lang.Object)'> (0x000000008946f438) 
thrown [e:\jenkins\tmp\workspace\build\src\src\hotspot\share\interpreter\linkResolver.cpp, line 766]
Event: 1.754 Thread 0x0000016dd951d560 Exception <a 'java/lang/NoSuchMethodError'{0x0000000089478f60}: 'java.lang.Object java.lang.invoke.DirectMethodHandle$Holder.invokeInterface(java.lang.Object, java.lang.Object)'> (0x0000000089478f60) 
thrown [e:\jenkins\tmp\workspace\build\src\src\hotspot\share\interpreter\linkResolver.cpp, line 766]
Event: 1.754 Thread 0x0000016dd951d560 Exception <a 'java/lang/IncompatibleClassChangeError'{0x000000008947c758}: Found class java.lang.Object, but interface was expected> (0x000000008947c758) 
thrown [e:\jenkins\tmp\workspace\build\src\src\hotspot\share\interpreter\linkResolver.cpp, line 833]

VM Operations (18 events):
Event: 0.270 Executing VM operation: HandshakeAllThreads
Event: 0.270 Executing VM operation: HandshakeAllThreads done
Event: 0.646 Executing VM operation: HandshakeAllThreads
Event: 0.646 Executing VM operation: HandshakeAllThreads done
Event: 0.667 Executing VM operation: HandshakeAllThreads
Event: 0.667 Executing VM operation: HandshakeAllThreads done
Event: 0.821 Executing VM operation: HandshakeAllThreads
Event: 0.821 Executing VM operation: HandshakeAllThreads done
Event: 0.931 Executing VM operation: G1CollectForAllocation
Event: 0.937 Executing VM operation: G1CollectForAllocation done
Event: 1.027 Executing VM operation: HandshakeAllThreads
Event: 1.027 Executing VM operation: HandshakeAllThreads done
Event: 1.056 Executing VM operation: HandshakeAllThreads
Event: 1.056 Executing VM operation: HandshakeAllThreads done
Event: 1.258 Executing VM operation: HandshakeAllThreads
Event: 1.258 Executing VM operation: HandshakeAllThreads done
Event: 1.679 Executing VM operation: HandshakeAllThreads
Event: 1.679 Executing VM operation: HandshakeAllThreads done

Events (20 events):
Event: 1.783 loading class sun/security/ssl/SSLCipher$T12CC20P1305WriteCipherGenerator done
Event: 1.783 loading class sun/security/ssl/SSLCipher$T13CC20P1305WriteCipherGenerator
Event: 1.783 loading class sun/security/ssl/SSLCipher$T13CC20P1305WriteCipherGenerator done
Event: 1.783 loading class com/sun/crypto/provider/ChaCha20Cipher$ChaCha20Poly1305
Event: 1.783 loading class com/sun/crypto/provider/ChaCha20Cipher
Event: 1.784 loading class com/sun/crypto/provider/ChaCha20Cipher done
Event: 1.784 loading class com/sun/crypto/provider/ChaCha20Cipher$ChaCha20Poly1305 done
Event: 1.784 loading class java/lang/invoke/VarHandleByteArrayAsInts$ArrayHandle
Event: 1.785 loading class java/lang/invoke/VarHandleByteArrayAsInts$ByteArrayViewVarHandle
Event: 1.785 loading class java/lang/invoke/VarHandleByteArrayAsInts$ByteArrayViewVarHandle done
Event: 1.785 loading class java/lang/invoke/VarHandleByteArrayAsInts$ArrayHandle done
Event: 1.785 loading class java/lang/invoke/VarHandleByteArrayAsInts
Event: 1.785 loading class java/lang/invoke/VarHandleByteArrayAsInts done
Event: 1.786 loading class sun/security/ssl/SSLCipher$1
Event: 1.786 loading class sun/security/ssl/SSLCipher$1 done
Event: 1.786 loading class sun/security/ssl/CipherSuite$HashAlg
Event: 1.786 loading class sun/security/ssl/CipherSuite$HashAlg done
Event: 1.787 loading class sun/security/ssl/CipherSuite$MacAlg
Event: 1.787 loading class sun/security/ssl/CipherSuite$MacAlg done
Event: 1.787 loading class sun/security/ssl/CipherSuite$KeyExchange


Dynamic libraries:
0x00007ff71fa90000 - 0x00007ff71fa9e000 	C:\Program Files\eclipse\plugins\org.eclipse.justj.openjdk.hotspot.jre.full.win32.x86_64_17.0.3.v20220515-1416\jre\bin\javaw.exe
0x00007ffec8b10000 - 0x00007ffec8d08000 	C:\Windows\SYSTEM32\ntdll.dll
0x00007ffec8330000 - 0x00007ffec83ef000 	C:\Windows\System32\KERNEL32.DLL
0x00007ffec6740000 - 0x00007ffec6a12000 	C:\Windows\System32\KERNELBASE.dll
0x00007ffec63a0000 - 0x00007ffec64a0000 	C:\Windows\System32\ucrtbase.dll
0x00007ffec0750000 - 0x00007ffec0769000 	C:\Program Files\eclipse\plugins\org.eclipse.justj.openjdk.hotspot.jre.full.win32.x86_64_17.0.3.v20220515-1416\jre\bin\VCRUNTIME140.dll
0x00007ffec0710000 - 0x00007ffec0728000 	C:\Program Files\eclipse\plugins\org.eclipse.justj.openjdk.hotspot.jre.full.win32.x86_64_17.0.3.v20220515-1416\jre\bin\jli.dll
0x00007ffec7330000 - 0x00007ffec74cd000 	C:\Windows\System32\USER32.dll
0x00007ffeb3260000 - 0x00007ffeb34fa000 	C:\Windows\WinSxS\amd64_microsoft.windows.common-controls_6595b64144ccf1df_6.0.19041.1110_none_60b5254171f9507e\COMCTL32.dll
0x00007ffec6320000 - 0x00007ffec6342000 	C:\Windows\System32\win32u.dll
0x00007ffec7ff0000 - 0x00007ffec808e000 	C:\Windows\System32\msvcrt.dll
0x00007ffec7f80000 - 0x00007ffec7fab000 	C:\Windows\System32\GDI32.dll
0x00007ffec6210000 - 0x00007ffec631f000 	C:\Windows\System32\gdi32full.dll
0x00007ffec6ac0000 - 0x00007ffec6b5d000 	C:\Windows\System32\msvcp_win.dll
0x00007ffec7fb0000 - 0x00007ffec7fe2000 	C:\Windows\System32\IMM32.DLL
0x00007ffec3390000 - 0x00007ffec339c000 	C:\Program Files\eclipse\plugins\org.eclipse.justj.openjdk.hotspot.jre.full.win32.x86_64_17.0.3.v20220515-1416\jre\bin\vcruntime140_1.dll
0x00007ffebcce0000 - 0x00007ffebcd71000 	C:\Program Files\eclipse\plugins\org.eclipse.justj.openjdk.hotspot.jre.full.win32.x86_64_17.0.3.v20220515-1416\jre\bin\msvcp140.dll
0x00007ffe75c90000 - 0x00007ffe768d8000 	C:\Program Files\eclipse\plugins\org.eclipse.justj.openjdk.hotspot.jre.full.win32.x86_64_17.0.3.v20220515-1416\jre\bin\server\jvm.dll
0x00007ffec7ce0000 - 0x00007ffec7d8e000 	C:\Windows\System32\ADVAPI32.dll
0x00007ffec75b0000 - 0x00007ffec764c000 	C:\Windows\System32\sechost.dll
0x00007ffec7650000 - 0x00007ffec7775000 	C:\Windows\System32\RPCRT4.dll
0x00007ffec89a0000 - 0x00007ffec89a8000 	C:\Windows\System32\PSAPI.DLL
0x00007ffeb2b80000 - 0x00007ffeb2b89000 	C:\Windows\SYSTEM32\WSOCK32.dll
0x00007ffeb2fb0000 - 0x00007ffeb2fd7000 	C:\Windows\SYSTEM32\WINMM.dll
0x00007ffebf3a0000 - 0x00007ffebf3aa000 	C:\Windows\SYSTEM32\VERSION.dll
0x00007ffec84a0000 - 0x00007ffec850b000 	C:\Windows\System32\WS2_32.dll
0x00007ffec4a50000 - 0x00007ffec4a62000 	C:\Windows\SYSTEM32\kernel.appcore.dll
0x00007ffebfda0000 - 0x00007ffebfdaa000 	C:\Program Files\eclipse\plugins\org.eclipse.justj.openjdk.hotspot.jre.full.win32.x86_64_17.0.3.v20220515-1416\jre\bin\jimage.dll
0x00007ffec4730000 - 0x00007ffec4914000 	C:\Windows\SYSTEM32\DBGHELP.DLL
0x00007ffead9a0000 - 0x00007ffead9cc000 	C:\Windows\SYSTEM32\dbgcore.DLL
0x00007ffec64a0000 - 0x00007ffec6522000 	C:\Windows\System32\bcryptPrimitives.dll
0x00007ffebe5e0000 - 0x00007ffebe605000 	C:\Program Files\eclipse\plugins\org.eclipse.justj.openjdk.hotspot.jre.full.win32.x86_64_17.0.3.v20220515-1416\jre\bin\java.dll
0x00007ffebe5c0000 - 0x00007ffebe5d8000 	C:\Program Files\eclipse\plugins\org.eclipse.justj.openjdk.hotspot.jre.full.win32.x86_64_17.0.3.v20220515-1416\jre\bin\zip.dll
0x00007ffec6be0000 - 0x00007ffec7323000 	C:\Windows\System32\SHELL32.dll
0x00007ffec3ec0000 - 0x00007ffec4652000 	C:\Windows\SYSTEM32\windows.storage.dll
0x00007ffec8640000 - 0x00007ffec8994000 	C:\Windows\System32\combase.dll
0x00007ffec5ab0000 - 0x00007ffec5ae0000 	C:\Windows\SYSTEM32\Wldp.dll
0x00007ffec7ec0000 - 0x00007ffec7f6d000 	C:\Windows\System32\SHCORE.dll
0x00007ffec82d0000 - 0x00007ffec8325000 	C:\Windows\System32\shlwapi.dll
0x00007ffec6150000 - 0x00007ffec616f000 	C:\Windows\SYSTEM32\profapi.dll
0x00007ffebfd90000 - 0x00007ffebfda0000 	C:\Program Files\eclipse\plugins\org.eclipse.justj.openjdk.hotspot.jre.full.win32.x86_64_17.0.3.v20220515-1416\jre\bin\verify.dll
0x00007ffebe5a0000 - 0x00007ffebe5b9000 	C:\Program Files\eclipse\plugins\org.eclipse.justj.openjdk.hotspot.jre.full.win32.x86_64_17.0.3.v20220515-1416\jre\bin\net.dll
0x00007ffebce70000 - 0x00007ffebcf7c000 	C:\Windows\SYSTEM32\WINHTTP.dll
0x00007ffec5890000 - 0x00007ffec58fa000 	C:\Windows\system32\mswsock.dll
0x00007ffebaa00000 - 0x00007ffebaa15000 	C:\Program Files\eclipse\plugins\org.eclipse.justj.openjdk.hotspot.jre.full.win32.x86_64_17.0.3.v20220515-1416\jre\bin\nio.dll
0x00007ffec55e0000 - 0x00007ffec56aa000 	C:\Windows\SYSTEM32\DNSAPI.dll
0x00007ffec55a0000 - 0x00007ffec55db000 	C:\Windows\SYSTEM32\IPHLPAPI.DLL
0x00007ffec7780000 - 0x00007ffec7788000 	C:\Windows\System32\NSI.dll
0x00007ffeb4e00000 - 0x00007ffeb4e0a000 	C:\Windows\System32\rasadhlp.dll
0x00007ffeb6180000 - 0x00007ffeb6200000 	C:\Windows\System32\fwpuclnt.dll
0x00007ffec6a20000 - 0x00007ffec6a47000 	C:\Windows\System32\bcrypt.dll
0x00007ffec0770000 - 0x00007ffec0779000 	C:\Program Files\eclipse\plugins\org.eclipse.justj.openjdk.hotspot.jre.full.win32.x86_64_17.0.3.v20220515-1416\jre\bin\management.dll
0x00007ffec05b0000 - 0x00007ffec05bb000 	C:\Program Files\eclipse\plugins\org.eclipse.justj.openjdk.hotspot.jre.full.win32.x86_64_17.0.3.v20220515-1416\jre\bin\management_ext.dll
0x00007ffebfb90000 - 0x00007ffebfb9e000 	C:\Program Files\eclipse\plugins\org.eclipse.justj.openjdk.hotspot.jre.full.win32.x86_64_17.0.3.v20220515-1416\jre\bin\sunmscapi.dll
0x00007ffec65e0000 - 0x00007ffec6736000 	C:\Windows\System32\CRYPT32.dll
0x00007ffec5c00000 - 0x00007ffec5c27000 	C:\Windows\SYSTEM32\ncrypt.dll
0x00007ffec5bc0000 - 0x00007ffec5bfb000 	C:\Windows\SYSTEM32\NTASN1.dll

dbghelp: loaded successfully - version: 4.0.5 - missing functions: none
symbol engine: initialized successfully - sym options: 0x614 - pdb path: .;C:\Program Files\eclipse\plugins\org.eclipse.justj.openjdk.hotspot.jre.full.win32.x86_64_17.0.3.v20220515-1416\jre\bin;C:\Windows\SYSTEM32;C:\Windows\WinSxS\amd64_microsoft.windows.common-controls_6595b64144ccf1df_6.0.19041.1110_none_60b5254171f9507e;C:\Program Files\eclipse\plugins\org.eclipse.justj.openjdk.hotspot.jre.full.win32.x86_64_17.0.3.v20220515-1416\jre\bin\server

VM Arguments:
jvm_args: -Dfile.encoding=UTF-8 -XX:+ShowCodeDetailsInExceptionMessages 
java_command: cursoLinkedin.Modal_js
java_class_path (initial): C:\Users\Murillo\eclipse-workspace\SeleniumTraining\target\test-classes;C:\Users\Murillo\eclipse-workspace\SeleniumTraining\target\classes;C:\Users\Murillo\.m2\repository\org\seleniumhq\selenium\selenium-java\4.4.0\selenium-java-4.4.0.jar;C:\Users\Murillo\.m2\repository\org\seleniumhq\selenium\selenium-api\4.4.0\selenium-api-4.4.0.jar;C:\Users\Murillo\.m2\repository\org\seleniumhq\selenium\selenium-chrome-driver\4.4.0\selenium-chrome-driver-4.4.0.jar;C:\Users\Murillo\.m2\repository\com\google\auto\service\auto-service-annotations\1.0.1\auto-service-annotations-1.0.1.jar;C:\Users\Murillo\.m2\repository\com\google\auto\service\auto-service\1.0.1\auto-service-1.0.1.jar;C:\Users\Murillo\.m2\repository\com\google\auto\auto-common\1.2\auto-common-1.2.jar;C:\Users\Murillo\.m2\repository\com\google\guava\guava\31.1-jre\guava-31.1-jre.jar;C:\Users\Murillo\.m2\repository\com\google\guava\failureaccess\1.0.1\failureaccess-1.0.1.jar;C:\Users\Murillo\.m2\repository\com\google\guava\listenablefuture\9999.0-empty-to-avoid-conflict-with-guava\listenablefuture-9999.0-empty-to-avoid-conflict-with-guava.jar;C:\Users\Murillo\.m2\repository\com\google\code\findbugs\jsr305\3.0.2\jsr305-3.0.2.jar;C:\Users\Murillo\.m2\repository\org\checkerframework\checker-qual\3.12.0\checker-qual-3.12.0.jar;C:\Users\Murillo\.m2\repository\com\google\errorprone\error_prone_annotations\2.11.0\error_prone_annotations-2.11.0.jar;C:\Users\Murillo\.m2\repository\com\google\j2objc\j2objc-annotations\1.3\j2objc-annotations-1.3.jar;C:\Users\Murillo\.m2\repository\org\seleniumhq\selenium\selenium-chromium-driver\4.4.0\selenium-chromium-driver-4.4.0.jar;C:\Users\Murillo\.m2\repository\org\seleniumhq\selenium\selenium-json\4.4.0\selenium-json-4.4.0.jar;C:\Users\Murillo\.m2\repository\org\seleniumhq\selenium\selenium-devtools-v102\4.4.0\selenium-devtools-v102-4.4.0.jar;C:\Users\Murillo\.m2\repository\org\seleniumhq\selenium\selenium-devtools-v103\4.4.0\selenium-devtools-v103-4.4.0.jar;C:\
Launcher Type: SUN_STANDARD

[Global flags]
     intx CICompilerCount                          = 3                                         {product} {ergonomic}
     uint ConcGCThreads                            = 1                                         {product} {ergonomic}
     uint G1ConcRefinementThreads                  = 4                                         {product} {ergonomic}
   size_t G1HeapRegionSize                         = 1048576                                   {product} {ergonomic}
    uintx GCDrainStackTargetSize                   = 64                                        {product} {ergonomic}
   size_t InitialHeapSize                          = 134217728                                 {product} {ergonomic}
   size_t MarkStackSize                            = 4194304                                   {product} {ergonomic}
   size_t MaxHeapSize                              = 2118123520                                {product} {ergonomic}
   size_t MaxNewSize                               = 1270874112                                {product} {ergonomic}
   size_t MinHeapDeltaBytes                        = 1048576                                   {product} {ergonomic}
   size_t MinHeapSize                              = 8388608                                   {product} {ergonomic}
    uintx NonNMethodCodeHeapSize                   = 5832780                                {pd product} {ergonomic}
    uintx NonProfiledCodeHeapSize                  = 122912730                              {pd product} {ergonomic}
    uintx ProfiledCodeHeapSize                     = 122912730                              {pd product} {ergonomic}
    uintx ReservedCodeCacheSize                    = 251658240                              {pd product} {ergonomic}
     bool SegmentedCodeCache                       = true                                      {product} {ergonomic}
     bool ShowCodeDetailsInExceptionMessages       = true                                   {manageable} {command line}
   size_t SoftMaxHeapSize                          = 2118123520                             {manageable} {ergonomic}
     bool UseCompressedClassPointers               = true                           {product lp64_product} {ergonomic}
     bool UseCompressedOops                        = true                           {product lp64_product} {ergonomic}
     bool UseG1GC                                  = true                                      {product} {ergonomic}
     bool UseLargePagesIndividualAllocation        = false                                  {pd product} {ergonomic}

Logging:
Log output configuration:
 #0: stdout all=warning uptime,level,tags
 #1: stderr all=off uptime,level,tags

Environment Variables:
JAVA_HOME=C:\Program Files\Java\zulu18.32.11-ca-jdk18.0.2-win_x64
PATH=C:/Program Files/eclipse//plugins/org.eclipse.justj.openjdk.hotspot.jre.full.win32.x86_64_17.0.3.v20220515-1416/jre/bin/server;C:/Program Files/eclipse//plugins/org.eclipse.justj.openjdk.hotspot.jre.full.win32.x86_64_17.0.3.v20220515-1416/jre/bin;C:\Program Files\Java\zulu18.32.11-ca-jdk18.0.2-win_x64\bin;C:\Ruby31-x64\bin;C:\WebDrivers\;C:\Windows\system32;C:\Windows;C:\Windows\System32\Wbem;C:\Windows\System32\WindowsPowerShell\v1.0\;C:\Windows\System32\OpenSSH\;C:\Program Files (x86)\Intel\Intel(R) Management Engine Components\DAL;C:\Program Files\Intel\Intel(R) Management Engine Components\DAL;c:\Program Files (x86)\Microsoft SQL Server\100\Tools\Binn\;c:\Program Files (x86)\Microsoft SQL Server\100\DTS\Binn\;C:\Program Files\dotnet\;C:\;C:\Program Files\apache-maven-3.8.6\bin;C:\Program Files\apache-jmeter-5.5\bin;C:\Program Files\Git\cmd;C:\Program Files\Git\mingw64\bin;C:\Program Files\Git\usr\bin;C:\Program Files\nodejs\;C:\Users\Murillo\AppData\Local\Microsoft\WindowsApps;;C:\Users\Murillo\AppData\Local\Programs\Microsoft VS Code\bin;C:\Users\Murillo\AppData\Roaming\npm;C:\Program Files\eclipse;
USERNAME=Murillo
OS=Windows_NT
PROCESSOR_IDENTIFIER=Intel64 Family 6 Model 142 Stepping 9, GenuineIntel



---------------  S Y S T E M  ---------------

OS:
 Windows 10 , 64 bit Build 19041 (10.0.19041.2251)
OS uptime: 12 days 17:43 hours
Hyper-V role detected

CPU: total 4 (initial active 4) (2 cores per cpu, 2 threads per core) family 6 model 142 stepping 9 microcode 0xde, cx8, cmov, fxsr, ht, mmx, 3dnowpref, sse, sse2, sse3, ssse3, sse4.1, sse4.2, popcnt, lzcnt, tsc, tscinvbit, avx, avx2, aes, erms, clmul, bmi1, bmi2, adx, fma, vzeroupper, clflush, clflushopt, hv

Memory: 4k page, system-wide physical 8073M (733M free)
TotalPageFile size 8073M (AvailPageFile size 43M)
current process WorkingSet (physical memory assigned to process): 75M, peak: 75M
current process commit charge ("private bytes"): 217M, peak: 217M

vm_info: OpenJDK 64-Bit Server VM (17.0.3+7) for windows-amd64 JRE (17.0.3+7), built on Apr 19 2022 16:55:35 by "" with MS VC++ 16.7 (VS2019)

END.
